  MyKinect.cpp
F:\opencv3.2\opencv\build\include\opencv2/core/mat.hpp(2586): warning C4819: 该文件包含不能在当前代码页(936)中表示的字符。请将该文件保存为 Unicode 格式以防止数据丢失
F:\opencv3.2\opencv\build\include\opencv2/core/persistence.hpp : warning C4819: 该文件包含不能在当前代码页(936)中表示的字符。请将该文件保存为 Unicode 格式以防止数据丢失
F:\opencv3.2\opencv\build\include\opencv2/core/utility.hpp : warning C4819: 该文件包含不能在当前代码页(936)中表示的字符。请将该文件保存为 Unicode 格式以防止数据丢失
F:\opencv3.2\opencv\build\include\opencv2/core/utility.hpp : warning C4819: 该文件包含不能在当前代码页(936)中表示的字符。请将该文件保存为 Unicode 格式以防止数据丢失
f:\double-buffer-kinect_collecting\double-buffer-kinect_collecting\DataFrame.h(19): warning C4244: “初始化”: 从“float”转换到“Integer”，可能丢失数据
f:\double-buffer-kinect_collecting\double-buffer-kinect_collecting\DataFrame.h(20): warning C4244: “参数”: 从“Integer”转换到“float”，可能丢失数据
f:\double-buffer-kinect_collecting\double-buffer-kinect_collecting\DataFrame.h(20): warning C4244: “参数”: 从“int”转换到“float”，可能丢失数据
F:\opencv3.2\opencv\build\include\opencv2/imgproc.hpp(592): warning C4819: 该文件包含不能在当前代码页(936)中表示的字符。请将该文件保存为 Unicode 格式以防止数据丢失
f:\double-buffer-kinect_collecting\double-buffer-kinect_collecting\PointCloud.h(33): warning C4244: “参数”: 从“Integer”转换到“float”，可能丢失数据
f:\double-buffer-kinect_collecting\double-buffer-kinect_collecting\PointCloud.h(33): warning C4244: “参数”: 从“int”转换到“float”，可能丢失数据
f:\double-buffer-kinect_collecting\double-buffer-kinect_collecting\PointCloud.h(64): warning C4244: “参数”: 从“Integer”转换到“float”，可能丢失数据
f:\double-buffer-kinect_collecting\double-buffer-kinect_collecting\PointCloud.h(64): warning C4244: “参数”: 从“int”转换到“float”，可能丢失数据
MyKinect.cpp(359): warning C4244: “参数”: 从“float”转换到“int”，可能丢失数据
MyKinect.cpp(411): warning C4244: “参数”: 从“float”转换到“int”，可能丢失数据
MyKinect.cpp(422): warning C4244: “参数”: 从“float”转换到“int”，可能丢失数据
MyKinect.cpp(427): warning C4244: “参数”: 从“float”转换到“int”，可能丢失数据
MyKinect.cpp(428): warning C4244: “参数”: 从“float”转换到“int”，可能丢失数据
MyKinect.cpp(431): warning C4244: “参数”: 从“float”转换到“int”，可能丢失数据
MyKinect.cpp(432): warning C4244: “参数”: 从“float”转换到“int”，可能丢失数据
MyKinect.cpp(562): warning C4244: “参数”: 从“float”转换到“int”，可能丢失数据
MyKinect.cpp(615): warning C4244: “参数”: 从“float”转换到“int”，可能丢失数据
MyKinect.cpp(630): warning C4244: “参数”: 从“float”转换到“int”，可能丢失数据
MyKinect.cpp(635): warning C4244: “参数”: 从“float”转换到“int”，可能丢失数据
MyKinect.cpp(636): warning C4244: “参数”: 从“float”转换到“int”，可能丢失数据
MyKinect.cpp(639): warning C4244: “参数”: 从“float”转换到“int”，可能丢失数据
MyKinect.cpp(640): warning C4244: “参数”: 从“float”转换到“int”，可能丢失数据
  正在生成代码
  2 of 898 functions ( 0.2%) were compiled, the rest were copied from previous compilation.
    0 functions were new in current compilation
    1 functions had inline decision re-evaluated but remain unchanged
  已完成代码的生成
  double-buffer-Kinect_Collecting.vcxproj -> F:\double-buffer-Kinect_Collecting\Release\double-buffer-Kinect_Collecting.exe
  double-buffer-Kinect_Collecting.vcxproj -> F:\double-buffer-Kinect_Collecting\Release\double-buffer-Kinect_Collecting.pdb (Full PDB)
